<?xml version="1.0" encoding="UTF-8"?>
<!-- Generated by org.testng.reporters.JUnitReportReporter -->
<testsuite hostname="Subramanyam" failures="0" tests="8" name="com.subbu.retry.tests.TestCase1" time="5.582" errors="2" timestamp="2022-04-17T09:47:13 IST" skipped="6">
  <testcase classname="com.subbu.retry.tests.TestCase1" name="allBrowsers" time="0.555">
    <skipped/>
  </testcase> <!-- allBrowsers -->
  <system-out/>
  <testcase classname="com.subbu.retry.tests.TestCase1" name="allBrowsers" time="0.499">
    <error message="Cannot find elements when the XPath is null." type="java.lang.IllegalArgumentException">
      <![CDATA[java.lang.IllegalArgumentException: Cannot find elements when the XPath is null.
at org.openqa.selenium.internal.Require$ArgumentChecker.nonNull(Require.java:204)
at org.openqa.selenium.By$ByXPath.<init>(By.java:287)
at org.openqa.selenium.By.xpath(By.java:89)
at com.subbu.retry.tests.TestCase1.allBrowsers(TestCase1.java:21)
at java.base/jdk.internal.reflect.NativeMethodAccessorImpl.invoke0(Native Method)
at java.base/jdk.internal.reflect.NativeMethodAccessorImpl.invoke(NativeMethodAccessorImpl.java:77)
at java.base/jdk.internal.reflect.DelegatingMethodAccessorImpl.invoke(DelegatingMethodAccessorImpl.java:43)
at java.base/java.lang.reflect.Method.invoke(Method.java:568)
at org.testng.internal.MethodInvocationHelper.invokeMethod(MethodInvocationHelper.java:133)
at org.testng.internal.TestInvoker.invokeMethod(TestInvoker.java:598)
at org.testng.internal.TestInvoker.retryFailed(TestInvoker.java:213)
at org.testng.internal.MethodRunner.runInSequence(MethodRunner.java:58)
at org.testng.internal.TestInvoker$MethodInvocationAgent.invoke(TestInvoker.java:824)
at org.testng.internal.TestInvoker.invokeTestMethods(TestInvoker.java:146)
at org.testng.internal.TestMethodWorker.invokeTestMethods(TestMethodWorker.java:146)
at org.testng.internal.TestMethodWorker.run(TestMethodWorker.java:128)
at java.base/java.util.concurrent.ThreadPoolExecutor.runWorker(ThreadPoolExecutor.java:1136)
at java.base/java.util.concurrent.ThreadPoolExecutor$Worker.run(ThreadPoolExecutor.java:635)
at java.base/java.lang.Thread.run(Thread.java:833)
]]>
    </error>
  </testcase> <!-- allBrowsers -->
  <system-out/>
  <testcase classname="com.subbu.retry.tests.TestCase1" name="allBrowsers" time="0.829">
    <skipped/>
  </testcase> <!-- allBrowsers -->
  <system-out/>
  <testcase classname="com.subbu.retry.tests.TestCase1" name="allBrowsers" time="0.500">
    <skipped/>
  </testcase> <!-- allBrowsers -->
  <system-out/>
  <testcase classname="com.subbu.retry.tests.TestCase1" name="allBrowsers" time="0.545">
    <error message="Cannot find elements when the XPath is null." type="java.lang.IllegalArgumentException">
      <![CDATA[java.lang.IllegalArgumentException: Cannot find elements when the XPath is null.
at org.openqa.selenium.internal.Require$ArgumentChecker.nonNull(Require.java:204)
at org.openqa.selenium.By$ByXPath.<init>(By.java:287)
at org.openqa.selenium.By.xpath(By.java:89)
at com.subbu.retry.tests.TestCase1.allBrowsers(TestCase1.java:21)
at java.base/jdk.internal.reflect.NativeMethodAccessorImpl.invoke0(Native Method)
at java.base/jdk.internal.reflect.NativeMethodAccessorImpl.invoke(NativeMethodAccessorImpl.java:77)
at java.base/jdk.internal.reflect.DelegatingMethodAccessorImpl.invoke(DelegatingMethodAccessorImpl.java:43)
at java.base/java.lang.reflect.Method.invoke(Method.java:568)
at org.testng.internal.MethodInvocationHelper.invokeMethod(MethodInvocationHelper.java:133)
at org.testng.internal.TestInvoker.invokeMethod(TestInvoker.java:598)
at org.testng.internal.TestInvoker.retryFailed(TestInvoker.java:213)
at org.testng.internal.MethodRunner.runInSequence(MethodRunner.java:58)
at org.testng.internal.TestInvoker$MethodInvocationAgent.invoke(TestInvoker.java:824)
at org.testng.internal.TestInvoker.invokeTestMethods(TestInvoker.java:146)
at org.testng.internal.TestMethodWorker.invokeTestMethods(TestMethodWorker.java:146)
at org.testng.internal.TestMethodWorker.run(TestMethodWorker.java:128)
at java.base/java.util.concurrent.ThreadPoolExecutor.runWorker(ThreadPoolExecutor.java:1136)
at java.base/java.util.concurrent.ThreadPoolExecutor$Worker.run(ThreadPoolExecutor.java:635)
at java.base/java.lang.Thread.run(Thread.java:833)
]]>
    </error>
  </testcase> <!-- allBrowsers -->
  <system-out/>
  <testcase classname="com.subbu.retry.tests.TestCase1" name="allBrowsers" time="1.099">
    <skipped/>
  </testcase> <!-- allBrowsers -->
  <system-out/>
  <testcase classname="com.subbu.retry.tests.TestCase1" name="allBrowsers" time="0.944">
    <skipped/>
  </testcase> <!-- allBrowsers -->
  <system-out/>
  <testcase classname="com.subbu.retry.tests.TestCase1" name="allBrowsers" time="0.611">
    <skipped/>
  </testcase> <!-- allBrowsers -->
  <system-out/>
</testsuite> <!-- com.subbu.retry.tests.TestCase1 -->
