<?xml version="1.0" encoding="UTF-8"?>
<!-- Generated by org.testng.reporters.JUnitXMLReporter -->
<testsuite ignored="0" hostname="Subramanyam" failures="1" tests="5" name="Chrome Browser" time="5.412" errors="0" timestamp="2022-04-17T09:47:13 IST">
  <testcase classname="com.subbu.retry.tests.TestCase3" name="testCase3" time="0.002"/>
  <testcase classname="com.subbu.retry.tests.TestCase1" name="allBrowsers" time="0.944">
    <skipped/>
  </testcase> <!-- allBrowsers -->
  <testcase classname="com.subbu.retry.tests.TestCase1" name="allBrowsers" time="0.829">
    <skipped/>
  </testcase> <!-- allBrowsers -->
  <testcase classname="com.subbu.retry.tests.TestCase1" name="allBrowsers" time="0.5">
    <skipped/>
  </testcase> <!-- allBrowsers -->
  <testcase classname="com.subbu.retry.tests.TestCase1" name="allBrowsers" time="0.499">
    <failure type="java.lang.IllegalArgumentException" message="Cannot find elements when the XPath is null.">
      <![CDATA[java.lang.IllegalArgumentException: Cannot find elements when the XPath is null.
at org.openqa.selenium.internal.Require$ArgumentChecker.nonNull(Require.java:204)
at org.openqa.selenium.By$ByXPath.<init>(By.java:287)
at org.openqa.selenium.By.xpath(By.java:89)
at com.subbu.retry.tests.TestCase1.allBrowsers(TestCase1.java:21)
at java.base/java.util.concurrent.ThreadPoolExecutor.runWorker(ThreadPoolExecutor.java:1136)
at java.base/java.util.concurrent.ThreadPoolExecutor$Worker.run(ThreadPoolExecutor.java:635)
at java.base/java.lang.Thread.run(Thread.java:833)
... Removed 12 stack frames]]>
    </failure>
  </testcase> <!-- allBrowsers -->
</testsuite> <!-- Chrome Browser -->
